<?xml version="1.0" encoding="UTF-8"?>
<!-- Generated by org.testng.reporters.JUnitReportReporter -->
<testsuite skipped="0" hostname="SCA1000117035" name="com.example.NewTest" tests="1" failures="0" timestamp="2022-10-18T09:58:46 IST" time="37.901" errors="0">
  <testcase name="flipcartPageTest" time="37.901" classname="com.example.NewTest"/>
  <system-out/>
</testsuite> <!-- com.example.NewTest -->
